<?xml version="1.0" encoding="UTF-8"?>
<testng-results skipped="0" failed="0" total="0" passed="0">
  <reporter-output>
  </reporter-output>
  <suite name="com.wang.yan.mvc.AppTests" duration-ms="5" started-at="2018-01-26T21:21:00Z" finished-at="2018-01-26T21:21:01Z">
    <groups>
    </groups>
    <test name="Command line test" duration-ms="5" started-at="2018-01-26T21:21:00Z" finished-at="2018-01-26T21:21:01Z">
    </test> <!-- Command line test -->
  </suite> <!-- com.wang.yan.mvc.AppTests -->
</testng-results>
